<?xml version="1.0" encoding="UTF-8"?>
<!-- Generated by org.testng.reporters.JUnitXMLReporter -->
<testsuite hostname="Harshini" ignored="0" name="Account" tests="4" failures="0" timestamp="2023-05-24T08:28:05 EDT" time="57.477" errors="0">
  <testcase name="LogoutFromSFDC" time="17.142" classname="com.training.testcase.UserMenuDropDownTest"/>
  <testcase name="userMenuDropDown" time="5.941" classname="com.training.testcase.UserMenuDropDownTest"/>
  <testcase name="loginerrorMessage" time="0.466" classname="com.training.testcase.LoginTest"/>
  <testcase name="login" time="10.417" classname="com.training.testcase.LoginTest"/>
</testsuite> <!-- Account -->
