<?xml version="1.0" encoding="UTF-8"?>
<!-- Generated by org.testng.reporters.JUnitXMLReporter -->
<testsuite ignored="4" hostname="Harshini" failures="0" tests="1" name="Default test" time="16.743" errors="0" timestamp="2023-04-03T17:40:45 EDT">
  <testcase classname="com.training.testcase.CreateOpportunitiesTest" name="CreateNewOpportunity" time="14.73"/>
  <testcase classname="com.training.testcase.CreateOpportunitiesTest" name="opportuniteStuckReport" time="0.0">
    <ignored/>
  </testcase> <!-- opportuniteStuckReport -->
  <testcase classname="com.training.testcase.CreateOpportunitiesTest" name="opportunitePipelineReport" time="0.0">
    <ignored/>
  </testcase> <!-- opportunitePipelineReport -->
  <testcase classname="com.training.testcase.CreateOpportunitiesTest" name="CreateOpportunities" time="0.0">
    <ignored/>
  </testcase> <!-- CreateOpportunities -->
  <testcase classname="com.training.testcase.CreateOpportunitiesTest" name="opportunityQuaterlySummaryReport" time="0.0">
    <ignored/>
  </testcase> <!-- opportunityQuaterlySummaryReport -->
</testsuite> <!-- Default test -->
