<?xml version="1.0" encoding="UTF-8"?>
<!-- Generated by org.testng.reporters.JUnitXMLReporter -->
<testsuite ignored="3" hostname="Harshini" failures="0" tests="1" name="Default test" time="14.117" errors="0" timestamp="2023-04-10T16:39:38 EDT">
  <testcase classname="com.training.testcase.CreateAccountTest" name="editViewName" time="11.345"/>
  <testcase classname="com.training.testcase.CreateAccountTest" name="CreateNewView" time="0.0">
    <ignored/>
  </testcase> <!-- CreateNewView -->
  <testcase classname="com.training.testcase.CreateAccountTest" name="createAccountReport" time="0.0">
    <ignored/>
  </testcase> <!-- createAccountReport -->
  <testcase classname="com.training.testcase.CreateAccountTest" name="CreateNewAccount" time="0.0">
    <ignored/>
  </testcase> <!-- CreateNewAccount -->
</testsuite> <!-- Default test -->
