<?xml version="1.0" encoding="UTF-8"?>
<testng-results ignored="4" total="5" passed="1" failed="0" skipped="0">
  <reporter-output>
  </reporter-output>
  <suite started-at="2023-04-03T17:40:28 EDT" name="Default suite" finished-at="2023-04-03T17:40:45 EDT" duration-ms="16743">
    <groups>
    </groups>
    <test started-at="2023-04-03T17:40:28 EDT" name="Default test" finished-at="2023-04-03T17:40:45 EDT" duration-ms="16743">
      <class name="com.training.testcase.CreateOpportunitiesTest">
        <test-method is-config="true" signature="BeforMethod()[pri:0, instance:com.training.testcase.CreateOpportunitiesTest@7a419da4]" started-at="2023-04-03T17:40:28 EDT" name="BeforMethod" finished-at="2023-04-03T17:40:30 EDT" duration-ms="1982" status="PASS">
          <reporter-output>
          </reporter-output>
        </test-method> <!-- BeforMethod -->
        <test-method signature="CreateNewOpportunity()[pri:0, instance:com.training.testcase.CreateOpportunitiesTest@7a419da4]" started-at="2023-04-03T17:40:30 EDT" name="CreateNewOpportunity" finished-at="2023-04-03T17:40:45 EDT" duration-ms="14730" status="PASS">
          <reporter-output>
          </reporter-output>
        </test-method> <!-- CreateNewOpportunity -->
      </class> <!-- com.training.testcase.CreateOpportunitiesTest -->
    </test> <!-- Default test -->
  </suite> <!-- Default suite -->
</testng-results>
