<?xml version="1.0" encoding="UTF-8"?>
<!-- Generated by org.testng.reporters.JUnitXMLReporter -->
<testsuite hostname="Harshini" ignored="0" name="Login" tests="5" failures="0" timestamp="2023-03-27T16:03:52 EDT" time="30.407" errors="0">
  <testcase name="enterForgotPassword" time="1.655" classname="com.training.testcase.LoginTest"/>
  <testcase name="wrongUsernameAndPassword" time="0.495" classname="com.training.testcase.LoginTest"/>
  <testcase name="loginerrorMessage" time="0.489" classname="com.training.testcase.LoginTest"/>
  <testcase name="login" time="6.632" classname="com.training.testcase.LoginTest"/>
  <testcase name="checkRememberMe" time="9.599" classname="com.training.testcase.LoginTest"/>
</testsuite> <!-- Login -->
